<?xml version="1.0" encoding="UTF-8"?>
<testsuite xmlns:xsi="http://www.w3.org/2001/XMLSchema-instance" xsi:noNamespaceSchemaLocation="https://maven.apache.org/surefire/maven-surefire-plugin/xsd/surefire-test-report-3.0.xsd" version="3.0" name="TestSuite" time="69.067" tests="18" errors="0" skipped="0" failures="0">
  <properties>
[...]
</properties>
  <testcase name="UserCanRegisterSuccessfully" classname="tests.AddProductReviewTest" time="3.206">
    <system-out><![CDATA[CURRENT THREAD: 1, DRIVER = ChromeDriver: chrome on WINDOWS (7998cf0bbb660217d2e7057696b3ac8b)
07:28:48.281 [main] INFO  tests.AddProductReviewTest - 

************** Execution Started : UserCanRegisterSuccessfully **************

]]></system-out>
    <system-err><![CDATA[SLF4J: Failed to load class "org.slf4j.impl.StaticLoggerBinder".
SLF4J: Defaulting to no-operation (NOP) logger implementation
SLF4J: See http://www.slf4j.org/codes.html#StaticLoggerBinder for further details.
Starting ChromeDriver 113.0.5672.63 (0e1a4471d5ae5bf128b1bd8f4d627c8cbd55f70c-refs/branch-heads/5672@{#912}) on port 19808
Only local connections are allowed.
Please see https://chromedriver.chromium.org/security-considerations for suggestions on keeping ChromeDriver safe.
ChromeDriver was started successfully.
May 13, 2023 7:28:46 AM org.openqa.selenium.devtools.CdpVersionFinder findNearestMatch
WARNING: Unable to find an exact match for CDP version 113, so returning the closest version found: 112
]]></system-err>
  </testcase>
  <testcase name="RegisteredUserCanLogin" classname="tests.AddProductReviewTest" time="1.957">
    <system-out><![CDATA[07:28:51.492 [main] INFO  tests.AddProductReviewTest - Success of test cases and its details are : UserCanRegisterSuccessfully
07:28:51.492 [main] INFO  tests.AddProductReviewTest - 

************** Execution Ended : UserCanRegisterSuccessfully **************

07:28:51.508 [main] INFO  tests.AddProductReviewTest - 

************** Execution Started : RegisteredUserCanLogin **************

]]></system-out>
  </testcase>
  <testcase name="UserCanSearchForProducts" classname="tests.AddProductReviewTest" time="2.822">
    <system-out><![CDATA[07:28:53.465 [main] INFO  tests.AddProductReviewTest - Success of test cases and its details are : RegisteredUserCanLogin
07:28:53.465 [main] INFO  tests.AddProductReviewTest - 

************** Execution Ended : RegisteredUserCanLogin **************

07:28:53.465 [main] INFO  tests.AddProductReviewTest - 

************** Execution Started : UserCanSearchForProducts **************

]]></system-out>
  </testcase>
  <testcase name="RegisteredUserCanAddReviewForProduct" classname="tests.AddProductReviewTest" time="1.913">
    <system-out><![CDATA[07:28:56.287 [main] INFO  tests.AddProductReviewTest - Success of test cases and its details are : UserCanSearchForProducts
07:28:56.287 [main] INFO  tests.AddProductReviewTest - 

************** Execution Ended : UserCanSearchForProducts **************

07:28:56.287 [main] INFO  tests.AddProductReviewTest - 

************** Execution Started : RegisteredUserCanAddReviewForProduct **************

]]></system-out>
  </testcase>
  <testcase name="RegisteredUserCanLogout" classname="tests.AddProductReviewTest" time="0.835">
    <system-out><![CDATA[07:28:58.200 [main] INFO  tests.AddProductReviewTest - Success of test cases and its details are : RegisteredUserCanAddReviewForProduct
07:28:58.200 [main] INFO  tests.AddProductReviewTest - 

************** Execution Ended : RegisteredUserCanAddReviewForProduct **************

07:28:58.200 [main] INFO  tests.AddProductReviewTest - 

************** Execution Started : RegisteredUserCanLogout **************

]]></system-out>
  </testcase>
  <testcase name="UserCanChangeCurrency" classname="tests.ChangeCurrencyTest" time="1.039">
    <system-out><![CDATA[07:28:59.035 [main] INFO  tests.AddProductReviewTest - Success of test cases and its details are : RegisteredUserCanLogout
07:28:59.043 [main] INFO  tests.AddProductReviewTest - 

************** Execution Ended : RegisteredUserCanLogout **************

07:28:59.217 [AsyncHttpClient-1-4] TRACE io.netty.handler.codec.http.websocketx.WebSocket08FrameEncoder - Encoding WebSocket Frame opCode=8 length=26
CURRENT THREAD: 1, DRIVER = ChromeDriver: chrome on WINDOWS (a199b79d1ca963c546eec78ab5e13bdc)
07:29:02.795 [main] INFO  tests.AddProductReviewTest - 

************** Execution Started : UserCanChangeCurrency **************

]]></system-out>
    <system-err><![CDATA[May 13, 2023 7:28:59 AM org.openqa.selenium.remote.http.WebSocket$Listener onError
WARNING: Connection reset
java.net.SocketException: Connection reset
	at java.base/sun.nio.ch.SocketChannelImpl.throwConnectionReset(SocketChannelImpl.java:394)
	at java.base/sun.nio.ch.SocketChannelImpl.read(SocketChannelImpl.java:426)
	at io.netty.buffer.PooledByteBuf.setBytes(PooledByteBuf.java:256)
	at io.netty.buffer.AbstractByteBuf.writeBytes(AbstractByteBuf.java:1132)
	at io.netty.channel.socket.nio.NioSocketChannel.doReadBytes(NioSocketChannel.java:357)
	at io.netty.channel.nio.AbstractNioByteChannel$NioByteUnsafe.read(AbstractNioByteChannel.java:151)
	at io.netty.channel.nio.NioEventLoop.processSelectedKey(NioEventLoop.java:788)
	at io.netty.channel.nio.NioEventLoop.processSelectedKeysOptimized(NioEventLoop.java:724)
	at io.netty.channel.nio.NioEventLoop.processSelectedKeys(NioEventLoop.java:650)
	at io.netty.channel.nio.NioEventLoop.run(NioEventLoop.java:562)
	at io.netty.util.concurrent.SingleThreadEventExecutor$4.run(SingleThreadEventExecutor.java:997)
	at io.netty.util.internal.ThreadExecutorMap$2.run(ThreadExecutorMap.java:74)
	at io.netty.util.concurrent.FastThreadLocalRunnable.run(FastThreadLocalRunnable.java:30)
	at java.base/java.lang.Thread.run(Thread.java:833)

Starting ChromeDriver 113.0.5672.63 (0e1a4471d5ae5bf128b1bd8f4d627c8cbd55f70c-refs/branch-heads/5672@{#912}) on port 35920
Only local connections are allowed.
Please see https://chromedriver.chromium.org/security-considerations for suggestions on keeping ChromeDriver safe.
ChromeDriver was started successfully.
May 13, 2023 7:29:00 AM org.openqa.selenium.devtools.CdpVersionFinder findNearestMatch
WARNING: Unable to find an exact match for CDP version 113, so returning the closest version found: 112
]]></system-err>
  </testcase>
  <testcase name="UserCanSearchForProductWithAutoSuggest" classname="tests.ChangeCurrencyTest" time="2.762">
    <system-out><![CDATA[07:29:03.834 [main] INFO  tests.AddProductReviewTest - Success of test cases and its details are : UserCanChangeCurrency
07:29:03.834 [main] INFO  tests.AddProductReviewTest - 

************** Execution Ended : UserCanChangeCurrency **************

07:29:03.834 [main] INFO  tests.AddProductReviewTest - 

************** Execution Started : UserCanSearchForProductWithAutoSuggest **************

]]></system-out>
  </testcase>
  <testcase name="UserCanContactWebsiteOwner" classname="tests.ContactUsTest" time="1.937">
    <system-out><![CDATA[07:29:06.596 [main] INFO  tests.AddProductReviewTest - Success of test cases and its details are : UserCanSearchForProductWithAutoSuggest
07:29:06.596 [main] INFO  tests.AddProductReviewTest - 

************** Execution Ended : UserCanSearchForProductWithAutoSuggest **************

07:29:06.737 [AsyncHttpClient-1-7] TRACE io.netty.handler.codec.http.websocketx.WebSocket08FrameEncoder - Encoding WebSocket Frame opCode=8 length=26
CURRENT THREAD: 1, DRIVER = ChromeDriver: chrome on WINDOWS (13ebd84cf6f3cc4eb3477c0d65fad7c8)
07:29:09.919 [main] INFO  tests.AddProductReviewTest - 

************** Execution Started : UserCanContactWebsiteOwner **************

]]></system-out>
    <system-err><![CDATA[Starting ChromeDriver 113.0.5672.63 (0e1a4471d5ae5bf128b1bd8f4d627c8cbd55f70c-refs/branch-heads/5672@{#912}) on port 12642
Only local connections are allowed.
Please see https://chromedriver.chromium.org/security-considerations for suggestions on keeping ChromeDriver safe.
ChromeDriver was started successfully.
May 13, 2023 7:29:08 AM org.openqa.selenium.devtools.CdpVersionFinder findNearestMatch
WARNING: Unable to find an exact match for CDP version 113, so returning the closest version found: 112
]]></system-err>
  </testcase>
  <testcase name="UserCanRegisterSuccessfully" classname="tests.EmailFriendTest" time="2.82">
    <system-out><![CDATA[07:29:11.859 [main] INFO  tests.AddProductReviewTest - Success of test cases and its details are : UserCanContactWebsiteOwner
07:29:11.859 [main] INFO  tests.AddProductReviewTest - 

************** Execution Ended : UserCanContactWebsiteOwner **************

07:29:11.935 [AsyncHttpClient-1-10] TRACE io.netty.handler.codec.http.websocketx.WebSocket08FrameEncoder - Encoding WebSocket Frame opCode=8 length=26
CURRENT THREAD: 1, DRIVER = ChromeDriver: chrome on WINDOWS (d506431eb6ae1432c86917d4e8809e69)
07:29:15.716 [main] INFO  tests.AddProductReviewTest - 

************** Execution Started : UserCanRegisterSuccessfully **************

]]></system-out>
    <system-err><![CDATA[Starting ChromeDriver 113.0.5672.63 (0e1a4471d5ae5bf128b1bd8f4d627c8cbd55f70c-refs/branch-heads/5672@{#912}) on port 4807
Only local connections are allowed.
Please see https://chromedriver.chromium.org/security-considerations for suggestions on keeping ChromeDriver safe.
ChromeDriver was started successfully.
May 13, 2023 7:29:13 AM org.openqa.selenium.devtools.CdpVersionFinder findNearestMatch
WARNING: Unable to find an exact match for CDP version 113, so returning the closest version found: 112
]]></system-err>
  </testcase>
  <testcase name="RegisteredUserCanLogin" classname="tests.EmailFriendTest" time="1.763">
    <system-out><![CDATA[07:29:18.536 [main] INFO  tests.AddProductReviewTest - Success of test cases and its details are : UserCanRegisterSuccessfully
07:29:18.536 [main] INFO  tests.AddProductReviewTest - 

************** Execution Ended : UserCanRegisterSuccessfully **************

07:29:18.545 [main] INFO  tests.AddProductReviewTest - 

************** Execution Started : RegisteredUserCanLogin **************

]]></system-out>
  </testcase>
  <testcase name="UserCanSearchForProducts" classname="tests.EmailFriendTest" time="3.693">
    <system-out><![CDATA[07:29:20.308 [main] INFO  tests.AddProductReviewTest - Success of test cases and its details are : RegisteredUserCanLogin
07:29:20.308 [main] INFO  tests.AddProductReviewTest - 

************** Execution Ended : RegisteredUserCanLogin **************

07:29:20.308 [main] INFO  tests.AddProductReviewTest - 

************** Execution Started : UserCanSearchForProducts **************

]]></system-out>
  </testcase>
  <testcase name="RegisteredUserCanEmailHisFriend" classname="tests.EmailFriendTest" time="1.614">
    <system-out><![CDATA[07:29:24.001 [main] INFO  tests.AddProductReviewTest - Success of test cases and its details are : UserCanSearchForProducts
07:29:24.001 [main] INFO  tests.AddProductReviewTest - 

************** Execution Ended : UserCanSearchForProducts **************

07:29:24.001 [main] INFO  tests.AddProductReviewTest - 

************** Execution Started : RegisteredUserCanEmailHisFriend **************

]]></system-out>
  </testcase>
  <testcase name="RegisteredUserCanLogout" classname="tests.EmailFriendTest" time="0.874">
    <system-out><![CDATA[07:29:25.615 [main] INFO  tests.AddProductReviewTest - Success of test cases and its details are : RegisteredUserCanEmailHisFriend
07:29:25.615 [main] INFO  tests.AddProductReviewTest - 

************** Execution Ended : RegisteredUserCanEmailHisFriend **************

07:29:25.615 [main] INFO  tests.AddProductReviewTest - 

************** Execution Started : RegisteredUserCanLogout **************

]]></system-out>
  </testcase>
  <testcase name="UserCanRegisterSuccessfully" classname="tests.MyAccountTest" time="2.848">
    <system-out><![CDATA[07:29:26.489 [main] INFO  tests.AddProductReviewTest - Success of test cases and its details are : RegisteredUserCanLogout
07:29:26.489 [main] INFO  tests.AddProductReviewTest - 

************** Execution Ended : RegisteredUserCanLogout **************

07:29:26.602 [AsyncHttpClient-1-13] TRACE io.netty.handler.codec.http.websocketx.WebSocket08FrameEncoder - Encoding WebSocket Frame opCode=8 length=26
CURRENT THREAD: 1, DRIVER = ChromeDriver: chrome on WINDOWS (5ddabed62a71036012410b1fece9523a)
07:29:29.724 [main] INFO  tests.AddProductReviewTest - 

************** Execution Started : UserCanRegisterSuccessfully **************

]]></system-out>
    <system-err><![CDATA[Starting ChromeDriver 113.0.5672.63 (0e1a4471d5ae5bf128b1bd8f4d627c8cbd55f70c-refs/branch-heads/5672@{#912}) on port 26412
Only local connections are allowed.
Please see https://chromedriver.chromium.org/security-considerations for suggestions on keeping ChromeDriver safe.
ChromeDriver was started successfully.
May 13, 2023 7:29:27 AM org.openqa.selenium.devtools.CdpVersionFinder findNearestMatch
WARNING: Unable to find an exact match for CDP version 113, so returning the closest version found: 112
]]></system-err>
  </testcase>
  <testcase name="RegisteredUserCanLogin" classname="tests.MyAccountTest" time="1.773">
    <system-out><![CDATA[07:29:32.572 [main] INFO  tests.AddProductReviewTest - Success of test cases and its details are : UserCanRegisterSuccessfully
07:29:32.572 [main] INFO  tests.AddProductReviewTest - 

************** Execution Ended : UserCanRegisterSuccessfully **************

07:29:32.572 [main] INFO  tests.AddProductReviewTest - 

************** Execution Started : RegisteredUserCanLogin **************

]]></system-out>
  </testcase>
  <testcase name="UserCanSearchForProducts" classname="tests.SearchProductTest" time="2.946">
    <system-out><![CDATA[07:29:34.345 [main] INFO  tests.AddProductReviewTest - Success of test cases and its details are : RegisteredUserCanLogin
07:29:34.346 [main] INFO  tests.AddProductReviewTest - 

************** Execution Ended : RegisteredUserCanLogin **************

07:29:34.446 [AsyncHttpClient-1-16] TRACE io.netty.handler.codec.http.websocketx.WebSocket08FrameEncoder - Encoding WebSocket Frame opCode=8 length=26
CURRENT THREAD: 1, DRIVER = ChromeDriver: chrome on WINDOWS (0f1d1ecda0b1b5756b8253437c3cb214)
07:29:37.514 [main] INFO  tests.AddProductReviewTest - 

************** Execution Started : UserCanSearchForProducts **************

]]></system-out>
    <system-err><![CDATA[Starting ChromeDriver 113.0.5672.63 (0e1a4471d5ae5bf128b1bd8f4d627c8cbd55f70c-refs/branch-heads/5672@{#912}) on port 24678
Only local connections are allowed.
Please see https://chromedriver.chromium.org/security-considerations for suggestions on keeping ChromeDriver safe.
ChromeDriver was started successfully.
May 13, 2023 7:29:35 AM org.openqa.selenium.devtools.CdpVersionFinder findNearestMatch
WARNING: Unable to find an exact match for CDP version 113, so returning the closest version found: 112
]]></system-err>
  </testcase>
  <testcase name="UserCanSearchForProductWithAutoSuggest" classname="tests.SearchProductWithAutoSuggestTest" time="0.223">
    <system-out><![CDATA[07:29:40.460 [main] INFO  tests.AddProductReviewTest - Success of test cases and its details are : UserCanSearchForProducts
07:29:40.461 [main] INFO  tests.AddProductReviewTest - 

************** Execution Ended : UserCanSearchForProducts **************

07:29:40.599 [AsyncHttpClient-1-19] TRACE io.netty.handler.codec.http.websocketx.WebSocket08FrameEncoder - Encoding WebSocket Frame opCode=8 length=26
CURRENT THREAD: 1, DRIVER = ChromeDriver: chrome on WINDOWS (35f281a68b63208371ac292c41e4a74f)
07:29:43.943 [main] INFO  tests.AddProductReviewTest - 

************** Execution Started : UserCanSearchForProductWithAutoSuggest **************

Error Occurred class org.openqa.selenium.remote.RemoteWebElement cannot be cast to class org.openqa.selenium.By (org.openqa.selenium.remote.RemoteWebElement and org.openqa.selenium.By are in unnamed module of loader org.apache.maven.surefire.booter.IsolatedClassLoader @d98ce13)
]]></system-out>
    <system-err><![CDATA[Starting ChromeDriver 113.0.5672.63 (0e1a4471d5ae5bf128b1bd8f4d627c8cbd55f70c-refs/branch-heads/5672@{#912}) on port 28125
Only local connections are allowed.
Please see https://chromedriver.chromium.org/security-considerations for suggestions on keeping ChromeDriver safe.
ChromeDriver was started successfully.
May 13, 2023 7:29:41 AM org.openqa.selenium.devtools.CdpVersionFinder findNearestMatch
WARNING: Unable to find an exact match for CDP version 113, so returning the closest version found: 112
]]></system-err>
  </testcase>
  <testcase name="testMethod" classname="tests.TestClass" time="2.701">
    <system-out><![CDATA[07:29:44.166 [main] INFO  tests.AddProductReviewTest - Success of test cases and its details are : UserCanSearchForProductWithAutoSuggest
07:29:44.166 [main] INFO  tests.AddProductReviewTest - 

************** Execution Ended : UserCanSearchForProductWithAutoSuggest **************

07:29:44.256 [AsyncHttpClient-1-22] TRACE io.netty.handler.codec.http.websocketx.WebSocket08FrameEncoder - Encoding WebSocket Frame opCode=8 length=26
CURRENT THREAD: 1, DRIVER = ChromeDriver: chrome on WINDOWS (653590cbacb82c33d549194d400e2984)
07:29:47.357 [main] INFO  tests.AddProductReviewTest - 

************** Execution Started : testMethod **************

]]></system-out>
    <system-err><![CDATA[Starting ChromeDriver 113.0.5672.63 (0e1a4471d5ae5bf128b1bd8f4d627c8cbd55f70c-refs/branch-heads/5672@{#912}) on port 2431
Only local connections are allowed.
Please see https://chromedriver.chromium.org/security-considerations for suggestions on keeping ChromeDriver safe.
ChromeDriver was started successfully.
May 13, 2023 7:29:45 AM org.openqa.selenium.devtools.CdpVersionFinder findNearestMatch
WARNING: Unable to find an exact match for CDP version 113, so returning the closest version found: 112
]]></system-err>
  </testcase>
</testsuite>